2026-04-13 08:47:52,963 [INFO] alerts.telegram — Telegram desativado (token/chat_id não configurados)
2026-04-13 08:47:52,963 [INFO] __main__ — Ciclo iniciado — BTC/USDT 1h | dry_run=True
2026-04-13 08:48:10,636 [INFO] risk.circuit_breaker — Novo dia — equity início: 0.00 USDT
2026-04-13 08:48:29,623 [INFO] alerts.telegram — Telegram desativado (token/chat_id não configurados)
2026-04-13 08:48:29,623 [INFO] __main__ — Ciclo iniciado — BTC/USDT 1h | dry_run=True
2026-04-13 08:48:31,537 [INFO] __main__ — Histórico: 1000 candles | 2026-03-02 20:00:00+00:00 → 2026-04-13 11:00:00+00:00
2026-04-13 08:48:44,212 [INFO] alerts.telegram — Telegram desativado (token/chat_id não configurados)
2026-04-13 08:48:44,212 [INFO] __main__ — Ciclo iniciado — BTC/USDT 1h | dry_run=True
2026-04-13 08:48:49,049 [INFO] __main__ — Histórico: 1000 candles | 2026-03-02 20:00:00+00:00 → 2026-04-13 11:00:00+00:00
2026-04-13 08:48:50,026 [WARNING] data.futures_features — Open Interest não disponível: binanceusdm does not have a testnet/sandbox URL for fapiData endpoints
2026-04-13 08:49:09,157 [INFO] alerts.telegram — Telegram desativado (token/chat_id não configurados)
2026-04-13 08:49:09,157 [INFO] __main__ — Ciclo iniciado — BTC/USDT 1h | dry_run=True
2026-04-13 08:49:11,168 [INFO] __main__ — Histórico: 1000 candles | 2026-03-02 20:00:00+00:00 → 2026-04-13 11:00:00+00:00
2026-04-13 08:49:11,529 [WARNING] data.futures_features — Open Interest não disponível: binanceusdm does not have a testnet/sandbox URL for fapiData endpoints
2026-04-13 08:49:12,502 [INFO] __main__ — Modelo treinado — 950 amostras → BTC_USDT_1h_20260413_1149.joblib
2026-04-13 08:49:12,562 [INFO] __main__ — Probabilidades: {-1: 0.3243809436515309, 0: 0.4095430473138814, 1: 0.26607600903458767}
2026-04-13 08:49:12,562 [INFO] __main__ — Sinal: NEUTRO
2026-04-13 08:49:12,563 [INFO] __main__ — Sinal NEUTRO — nenhuma ordem enviada
2026-04-13 08:49:17,443 [INFO] alerts.telegram — Telegram desativado (token/chat_id não configurados)
2026-04-13 08:49:17,443 [INFO] __main__ — Iniciando backtest walk-forward...
2026-04-13 08:49:18,085 [WARNING] backtest.walk_forward — Fold 1: treino muito pequeno (0), pulando
2026-04-13 08:49:18,369 [INFO] backtest.walk_forward — Fold 2/5: treino=140, teste=190, LONG=34, SHORT=112, NEUTRO=44
2026-04-13 08:49:18,668 [INFO] backtest.walk_forward — Fold 3/5: treino=330, teste=190, LONG=65, SHORT=86, NEUTRO=39
2026-04-13 08:49:19,000 [INFO] backtest.walk_forward — Fold 4/5: treino=520, teste=190, LONG=58, SHORT=109, NEUTRO=23
2026-04-13 08:49:19,373 [INFO] backtest.walk_forward — Fold 5/5: treino=710, teste=191, LONG=39, SHORT=86, NEUTRO=66
2026-04-13 08:49:26,907 [INFO] alerts.telegram — Telegram desativado (token/chat_id não configurados)
2026-04-13 08:50:09,556 [INFO] alerts.telegram — Telegram desativado (token/chat_id não configurados)
2026-04-13 08:51:10,306 [INFO] alerts.telegram — Telegram desativado (token/chat_id não configurados)
2026-04-13 08:51:10,306 [INFO] __main__ — Iniciando backtest walk-forward...
2026-04-13 08:51:10,931 [WARNING] backtest.walk_forward — Fold 1: treino muito pequeno (0), pulando
2026-04-13 08:51:11,202 [INFO] backtest.walk_forward — Fold 2/5: treino=140, teste=190, LONG=34, SHORT=112, NEUTRO=44
2026-04-13 08:51:11,533 [INFO] backtest.walk_forward — Fold 3/5: treino=330, teste=190, LONG=65, SHORT=86, NEUTRO=39
2026-04-13 08:51:11,873 [INFO] backtest.walk_forward — Fold 4/5: treino=520, teste=190, LONG=58, SHORT=109, NEUTRO=23
2026-04-13 08:51:12,193 [INFO] backtest.walk_forward — Fold 5/5: treino=710, teste=191, LONG=39, SHORT=86, NEUTRO=66
2026-04-13 09:30:18,660 [INFO] __main__ — Iniciando backtest walk-forward...
2026-04-13 09:30:33,484 [INFO] backtest.walk_forward — Fold 1/5: treino=2735, teste=2909, LONG=38, SHORT=287, NEUTRO=2584
2026-04-13 09:30:34,101 [INFO] backtest.walk_forward — Fold 2/5: treino=5644, teste=2909, LONG=256, SHORT=63, NEUTRO=2590
2026-04-13 09:30:34,994 [INFO] backtest.walk_forward — Fold 3/5: treino=8553, teste=2909, LONG=4, SHORT=80, NEUTRO=2825
2026-04-13 09:30:35,929 [INFO] backtest.walk_forward — Fold 4/5: treino=11462, teste=2909, LONG=34, SHORT=73, NEUTRO=2802
2026-04-13 09:30:37,003 [INFO] backtest.walk_forward — Fold 5/5: treino=14371, teste=2909, LONG=37, SHORT=25, NEUTRO=2847
2026-04-13 09:32:14,456 [INFO] __main__ — Loop ativo — BTC/USDT 1h | Ctrl+C para parar
2026-04-13 09:32:14,456 [INFO] __main__ — Loop ativo — BTC/USDT 1h | Ctrl+C para parar
2026-04-13 09:32:17,574 [INFO] __main__ — [#1] Próximo candle: 13:00:05 UTC — 1667s
2026-04-13 09:32:17,574 [INFO] __main__ — [#1] Próximo candle: 13:00:05 UTC — 1667s
2026-04-13 09:32:47,575 [INFO] __main__ —   ⏳ 1637s restantes
2026-04-13 09:32:47,575 [INFO] __main__ —   ⏳ 1637s restantes
2026-04-13 09:33:17,575 [INFO] __main__ —   ⏳ 1607s restantes
2026-04-13 09:33:17,575 [INFO] __main__ —   ⏳ 1607s restantes
2026-04-13 09:33:40,112 [INFO] __main__ — Iniciando backtest walk-forward...
2026-04-13 09:33:47,576 [INFO] __main__ —   ⏳ 1577s restantes
2026-04-13 09:33:47,576 [INFO] __main__ —   ⏳ 1577s restantes
2026-04-13 09:33:55,579 [INFO] backtest.walk_forward — Fold 1/5: treino=2735, teste=2909, LONG=38, SHORT=287, NEUTRO=2584
2026-04-13 09:33:56,190 [INFO] backtest.walk_forward — Fold 2/5: treino=5644, teste=2909, LONG=256, SHORT=63, NEUTRO=2590
2026-04-13 09:33:56,987 [INFO] backtest.walk_forward — Fold 3/5: treino=8553, teste=2909, LONG=4, SHORT=80, NEUTRO=2825
2026-04-13 09:33:57,832 [INFO] backtest.walk_forward — Fold 4/5: treino=11462, teste=2909, LONG=34, SHORT=73, NEUTRO=2802
2026-04-13 09:33:58,912 [INFO] backtest.walk_forward — Fold 5/5: treino=14371, teste=2909, LONG=37, SHORT=25, NEUTRO=2847
2026-04-13 09:34:17,576 [INFO] __main__ —   ⏳ 1547s restantes
2026-04-13 09:34:17,576 [INFO] __main__ —   ⏳ 1547s restantes
2026-04-13 09:34:47,577 [INFO] __main__ —   ⏳ 1517s restantes
2026-04-13 09:34:47,577 [INFO] __main__ —   ⏳ 1517s restantes
2026-04-13 09:35:17,577 [INFO] __main__ —   ⏳ 1487s restantes
2026-04-13 09:35:17,577 [INFO] __main__ —   ⏳ 1487s restantes
2026-04-13 09:35:47,578 [INFO] __main__ —   ⏳ 1457s restantes
2026-04-13 09:35:47,578 [INFO] __main__ —   ⏳ 1457s restantes
2026-04-13 09:36:17,578 [INFO] __main__ —   ⏳ 1427s restantes
2026-04-13 09:36:17,578 [INFO] __main__ —   ⏳ 1427s restantes
2026-04-13 09:36:47,579 [INFO] __main__ —   ⏳ 1397s restantes
2026-04-13 09:36:47,579 [INFO] __main__ —   ⏳ 1397s restantes
2026-04-13 09:37:17,579 [INFO] __main__ —   ⏳ 1367s restantes
2026-04-13 09:37:17,579 [INFO] __main__ —   ⏳ 1367s restantes
2026-04-13 09:37:47,580 [INFO] __main__ —   ⏳ 1337s restantes
2026-04-13 09:37:47,580 [INFO] __main__ —   ⏳ 1337s restantes
2026-04-13 09:38:17,580 [INFO] __main__ —   ⏳ 1307s restantes
2026-04-13 09:38:17,580 [INFO] __main__ —   ⏳ 1307s restantes
2026-04-13 09:38:47,580 [INFO] __main__ —   ⏳ 1277s restantes
2026-04-13 09:38:47,580 [INFO] __main__ —   ⏳ 1277s restantes
2026-04-13 09:39:17,581 [INFO] __main__ —   ⏳ 1247s restantes
2026-04-13 09:39:17,581 [INFO] __main__ —   ⏳ 1247s restantes
2026-04-13 09:39:47,581 [INFO] __main__ —   ⏳ 1217s restantes
2026-04-13 09:39:47,581 [INFO] __main__ —   ⏳ 1217s restantes
2026-04-13 09:40:17,582 [INFO] __main__ —   ⏳ 1187s restantes
2026-04-13 09:40:17,582 [INFO] __main__ —   ⏳ 1187s restantes
2026-04-13 09:40:47,582 [INFO] __main__ —   ⏳ 1157s restantes
2026-04-13 09:40:47,582 [INFO] __main__ —   ⏳ 1157s restantes
2026-04-13 09:41:17,582 [INFO] __main__ —   ⏳ 1127s restantes
2026-04-13 09:41:17,582 [INFO] __main__ —   ⏳ 1127s restantes
2026-04-13 09:41:47,583 [INFO] __main__ —   ⏳ 1097s restantes
2026-04-13 09:41:47,583 [INFO] __main__ —   ⏳ 1097s restantes
2026-04-13 09:42:17,583 [INFO] __main__ —   ⏳ 1067s restantes
2026-04-13 09:42:17,583 [INFO] __main__ —   ⏳ 1067s restantes
2026-04-13 09:42:47,584 [INFO] __main__ —   ⏳ 1037s restantes
2026-04-13 09:42:47,584 [INFO] __main__ —   ⏳ 1037s restantes
2026-04-13 09:43:17,584 [INFO] __main__ —   ⏳ 1007s restantes
2026-04-13 09:43:17,584 [INFO] __main__ —   ⏳ 1007s restantes
2026-04-13 09:43:47,585 [INFO] __main__ —   ⏳ 977s restantes
2026-04-13 09:43:47,585 [INFO] __main__ —   ⏳ 977s restantes
2026-04-13 09:44:17,586 [INFO] __main__ —   ⏳ 947s restantes
2026-04-13 09:44:17,586 [INFO] __main__ —   ⏳ 947s restantes
2026-04-13 09:44:47,587 [INFO] __main__ —   ⏳ 917s restantes
2026-04-13 09:44:47,587 [INFO] __main__ —   ⏳ 917s restantes
2026-04-13 09:45:17,587 [INFO] __main__ —   ⏳ 887s restantes
2026-04-13 09:45:17,587 [INFO] __main__ —   ⏳ 887s restantes
2026-04-13 09:45:47,588 [INFO] __main__ —   ⏳ 857s restantes
2026-04-13 09:45:47,588 [INFO] __main__ —   ⏳ 857s restantes
2026-04-13 09:46:17,588 [INFO] __main__ —   ⏳ 827s restantes
2026-04-13 09:46:17,588 [INFO] __main__ —   ⏳ 827s restantes
2026-04-13 09:46:47,589 [INFO] __main__ —   ⏳ 797s restantes
2026-04-13 09:46:47,589 [INFO] __main__ —   ⏳ 797s restantes
2026-04-13 09:47:17,589 [INFO] __main__ —   ⏳ 767s restantes
2026-04-13 09:47:17,589 [INFO] __main__ —   ⏳ 767s restantes
2026-04-13 09:47:47,590 [INFO] __main__ —   ⏳ 737s restantes
2026-04-13 09:47:47,590 [INFO] __main__ —   ⏳ 737s restantes
2026-04-13 09:48:17,590 [INFO] __main__ —   ⏳ 707s restantes
2026-04-13 09:48:17,590 [INFO] __main__ —   ⏳ 707s restantes
2026-04-13 09:48:47,590 [INFO] __main__ —   ⏳ 677s restantes
2026-04-13 09:48:47,590 [INFO] __main__ —   ⏳ 677s restantes
2026-04-13 09:49:17,591 [INFO] __main__ —   ⏳ 647s restantes
2026-04-13 09:49:17,591 [INFO] __main__ —   ⏳ 647s restantes
2026-04-13 09:49:47,592 [INFO] __main__ —   ⏳ 617s restantes
2026-04-13 09:49:47,592 [INFO] __main__ —   ⏳ 617s restantes
2026-04-13 09:50:17,592 [INFO] __main__ —   ⏳ 587s restantes
2026-04-13 09:50:17,592 [INFO] __main__ —   ⏳ 587s restantes
2026-04-13 09:50:47,593 [INFO] __main__ —   ⏳ 557s restantes
2026-04-13 09:50:47,593 [INFO] __main__ —   ⏳ 557s restantes
2026-04-13 09:51:17,594 [INFO] __main__ —   ⏳ 527s restantes
2026-04-13 09:51:17,594 [INFO] __main__ —   ⏳ 527s restantes
2026-04-13 09:51:47,594 [INFO] __main__ —   ⏳ 497s restantes
2026-04-13 09:51:47,594 [INFO] __main__ —   ⏳ 497s restantes
2026-04-13 09:52:17,595 [INFO] __main__ —   ⏳ 467s restantes
2026-04-13 09:52:17,595 [INFO] __main__ —   ⏳ 467s restantes
2026-04-13 09:52:47,595 [INFO] __main__ —   ⏳ 437s restantes
2026-04-13 09:52:47,595 [INFO] __main__ —   ⏳ 437s restantes
2026-04-13 09:53:17,595 [INFO] __main__ —   ⏳ 407s restantes
2026-04-13 09:53:17,595 [INFO] __main__ —   ⏳ 407s restantes
2026-04-13 09:53:47,596 [INFO] __main__ —   ⏳ 377s restantes
2026-04-13 09:53:47,596 [INFO] __main__ —   ⏳ 377s restantes
2026-04-13 09:54:17,596 [INFO] __main__ —   ⏳ 347s restantes
2026-04-13 09:54:17,596 [INFO] __main__ —   ⏳ 347s restantes
2026-04-13 09:54:47,597 [INFO] __main__ —   ⏳ 317s restantes
2026-04-13 09:54:47,597 [INFO] __main__ —   ⏳ 317s restantes
2026-04-13 09:55:17,597 [INFO] __main__ —   ⏳ 287s restantes
2026-04-13 09:55:17,597 [INFO] __main__ —   ⏳ 287s restantes
2026-04-13 09:55:47,598 [INFO] __main__ —   ⏳ 257s restantes
2026-04-13 09:55:47,598 [INFO] __main__ —   ⏳ 257s restantes
2026-04-13 09:56:17,599 [INFO] __main__ —   ⏳ 227s restantes
2026-04-13 09:56:17,599 [INFO] __main__ —   ⏳ 227s restantes
2026-04-13 09:56:47,599 [INFO] __main__ —   ⏳ 197s restantes
2026-04-13 09:56:47,599 [INFO] __main__ —   ⏳ 197s restantes
2026-04-13 09:57:17,600 [INFO] __main__ —   ⏳ 167s restantes
2026-04-13 09:57:17,600 [INFO] __main__ —   ⏳ 167s restantes
2026-04-13 09:57:47,601 [INFO] __main__ —   ⏳ 137s restantes
2026-04-13 09:57:47,601 [INFO] __main__ —   ⏳ 137s restantes
2026-04-13 09:58:17,602 [INFO] __main__ —   ⏳ 107s restantes
2026-04-13 09:58:17,602 [INFO] __main__ —   ⏳ 107s restantes
2026-04-13 09:58:47,602 [INFO] __main__ —   ⏳ 77s restantes
2026-04-13 09:58:47,602 [INFO] __main__ —   ⏳ 77s restantes
2026-04-13 09:59:17,603 [INFO] __main__ —   ⏳ 47s restantes
2026-04-13 09:59:17,603 [INFO] __main__ —   ⏳ 47s restantes
2026-04-13 09:59:47,603 [INFO] __main__ —   ⏳ 17s restantes
2026-04-13 09:59:47,603 [INFO] __main__ —   ⏳ 17s restantes
2026-04-13 10:00:05,000 [INFO] __main__ — [#1] Executando análise...
2026-04-13 10:00:05,000 [INFO] __main__ — [#1] Executando análise...
2026-04-13 10:00:05,000 [INFO] __main__ — Ciclo iniciado — BTC/USDT 1h | dry_run=True
2026-04-13 10:00:05,000 [INFO] __main__ — Ciclo iniciado — BTC/USDT 1h | dry_run=True
2026-04-13 10:00:10,505 [INFO] __main__ — Histórico: 17503 candles | 2024-04-13 13:00:00+00:00 → 2026-04-13 11:00:00+00:00
2026-04-13 10:00:10,505 [INFO] __main__ — Histórico: 17503 candles | 2024-04-13 13:00:00+00:00 → 2026-04-13 11:00:00+00:00
2026-04-13 10:00:25,643 [INFO] __main__ — Modelo treinado — 17453 amostras → BTC_USDT_1h_20260413_1300.joblib
2026-04-13 10:00:25,643 [INFO] __main__ — Modelo treinado — 17453 amostras → BTC_USDT_1h_20260413_1300.joblib
2026-04-13 10:00:25,701 [INFO] __main__ — Probabilidades: {-1: 0.3123307536501166, 0: 0.5082818967068348, 1: 0.1793873496430494}
2026-04-13 10:00:25,701 [INFO] __main__ — Probabilidades: {-1: 0.3123307536501166, 0: 0.5082818967068348, 1: 0.1793873496430494}
2026-04-13 10:00:25,701 [INFO] __main__ — Sinal: NEUTRO
2026-04-13 10:00:25,701 [INFO] __main__ — Sinal: NEUTRO
2026-04-13 10:00:25,702 [INFO] __main__ — Sinal NEUTRO — nenhuma ordem enviada
2026-04-13 10:00:25,702 [INFO] __main__ — Sinal NEUTRO — nenhuma ordem enviada
2026-04-13 10:00:25,707 [INFO] __main__ — ------------------------------------------------------------
2026-04-13 10:00:25,707 [INFO] __main__ — ------------------------------------------------------------
2026-04-13 10:00:25,707 [INFO] __main__ — [#2] Próximo candle: 14:00:05 UTC — 3579s
2026-04-13 10:00:25,707 [INFO] __main__ — [#2] Próximo candle: 14:00:05 UTC — 3579s
2026-04-13 10:00:55,708 [INFO] __main__ —   ⏳ 3549s restantes
2026-04-13 10:00:55,708 [INFO] __main__ —   ⏳ 3549s restantes
2026-04-13 10:01:25,708 [INFO] __main__ —   ⏳ 3519s restantes
2026-04-13 10:01:25,708 [INFO] __main__ —   ⏳ 3519s restantes
2026-04-13 10:01:55,709 [INFO] __main__ —   ⏳ 3489s restantes
2026-04-13 10:01:55,709 [INFO] __main__ —   ⏳ 3489s restantes
2026-04-13 10:02:25,710 [INFO] __main__ —   ⏳ 3459s restantes
2026-04-13 10:02:25,710 [INFO] __main__ —   ⏳ 3459s restantes
2026-04-13 10:02:51,388 [INFO] __main__ — Loop ativo — BTC/USDT 1h | Ctrl+C para parar
2026-04-13 10:02:52,319 [INFO] __main__ — [#1] Próximo candle: 14:00:05 UTC — 3433s
2026-04-13 10:03:22,319 [INFO] __main__ —   ⏳ 3403s restantes
2026-04-13 10:03:52,320 [INFO] __main__ —   ⏳ 3373s restantes
2026-04-13 10:04:22,320 [INFO] __main__ —   ⏳ 3343s restantes
2026-04-13 10:04:52,321 [INFO] __main__ —   ⏳ 3313s restantes
2026-04-13 10:05:22,322 [INFO] __main__ —   ⏳ 3283s restantes
2026-04-13 10:05:52,322 [INFO] __main__ —   ⏳ 3253s restantes
2026-04-13 10:06:22,323 [INFO] __main__ —   ⏳ 3223s restantes
2026-04-13 10:06:52,323 [INFO] __main__ —   ⏳ 3193s restantes
2026-04-13 10:07:22,324 [INFO] __main__ —   ⏳ 3163s restantes
2026-04-13 10:07:52,324 [INFO] __main__ —   ⏳ 3133s restantes
2026-04-13 10:08:22,325 [INFO] __main__ —   ⏳ 3103s restantes
2026-04-13 10:08:52,325 [INFO] __main__ —   ⏳ 3073s restantes
2026-04-13 10:09:22,326 [INFO] __main__ —   ⏳ 3043s restantes
2026-04-13 10:09:52,326 [INFO] __main__ —   ⏳ 3013s restantes
2026-04-13 10:10:22,327 [INFO] __main__ —   ⏳ 2983s restantes
2026-04-13 10:10:52,328 [INFO] __main__ —   ⏳ 2953s restantes
2026-04-13 10:11:22,328 [INFO] __main__ —   ⏳ 2923s restantes
2026-04-13 10:11:52,329 [INFO] __main__ —   ⏳ 2893s restantes
2026-04-13 10:12:22,329 [INFO] __main__ —   ⏳ 2863s restantes
2026-04-13 10:12:52,330 [INFO] __main__ —   ⏳ 2833s restantes
2026-04-13 10:13:22,330 [INFO] __main__ —   ⏳ 2803s restantes
2026-04-13 10:13:52,331 [INFO] __main__ —   ⏳ 2773s restantes
2026-04-13 10:14:22,332 [INFO] __main__ —   ⏳ 2743s restantes
2026-04-13 10:14:52,333 [INFO] __main__ —   ⏳ 2713s restantes
2026-04-13 10:15:22,333 [INFO] __main__ —   ⏳ 2683s restantes
2026-04-13 10:15:52,334 [INFO] __main__ —   ⏳ 2653s restantes
2026-04-13 10:16:22,334 [INFO] __main__ —   ⏳ 2623s restantes
2026-04-13 10:16:52,335 [INFO] __main__ —   ⏳ 2593s restantes
2026-04-13 10:17:22,335 [INFO] __main__ —   ⏳ 2563s restantes
2026-04-13 10:17:52,336 [INFO] __main__ —   ⏳ 2533s restantes
2026-04-13 10:18:22,336 [INFO] __main__ —   ⏳ 2503s restantes
2026-04-13 10:18:52,337 [INFO] __main__ —   ⏳ 2473s restantes
2026-04-13 10:19:22,337 [INFO] __main__ —   ⏳ 2443s restantes
2026-04-13 10:19:52,338 [INFO] __main__ —   ⏳ 2413s restantes
2026-04-13 10:20:22,338 [INFO] __main__ —   ⏳ 2383s restantes
2026-04-13 10:20:52,339 [INFO] __main__ —   ⏳ 2353s restantes
2026-04-13 11:20:11,511 [INFO] __main__ — [#1] Executando análise...
2026-04-13 11:20:11,512 [INFO] __main__ — Ciclo iniciado — BTC/USDT 1h | dry_run=True
2026-04-13 11:20:14,481 [INFO] __main__ — Histórico: 17505 candles | 2024-04-13 13:00:00+00:00 → 2026-04-13 13:00:00+00:00
2026-04-13 11:20:32,156 [INFO] __main__ — Modelo treinado — 17455 amostras → BTC_USDT_1h_20260413_1420.joblib
2026-04-13 11:20:32,215 [INFO] __main__ — Probabilidades: {-1: 0.31102366472657655, 0: 0.47185254753268097, 1: 0.21712378774074192}
2026-04-13 11:20:32,215 [INFO] __main__ — Sinal: NEUTRO
2026-04-13 11:20:32,216 [INFO] __main__ — Sinal NEUTRO — nenhuma ordem enviada
2026-04-13 11:20:32,224 [INFO] __main__ — ------------------------------------------------------------
2026-04-13 11:20:32,224 [INFO] __main__ — [#2] Próximo candle: 15:00:05 UTC — 2373s
2026-04-13 11:21:02,225 [INFO] __main__ —   ⏳ 2343s restantes
2026-04-13 11:21:32,225 [INFO] __main__ —   ⏳ 2313s restantes
2026-04-13 11:22:02,226 [INFO] __main__ —   ⏳ 2283s restantes
2026-04-13 11:22:32,226 [INFO] __main__ —   ⏳ 2253s restantes
2026-04-13 11:23:02,226 [INFO] __main__ —   ⏳ 2223s restantes
2026-04-13 11:29:31,830 [INFO] __main__ —   ⏳ 1833s restantes
2026-04-13 11:30:01,831 [INFO] __main__ —   ⏳ 1803s restantes
2026-04-13 11:30:31,832 [INFO] __main__ —   ⏳ 1773s restantes
2026-04-13 11:31:01,832 [INFO] __main__ —   ⏳ 1743s restantes
2026-04-13 11:31:31,833 [INFO] __main__ —   ⏳ 1713s restantes
2026-04-13 11:32:01,833 [INFO] __main__ —   ⏳ 1683s restantes
2026-04-13 11:32:31,834 [INFO] __main__ —   ⏳ 1653s restantes
2026-04-13 11:33:01,835 [INFO] __main__ —   ⏳ 1623s restantes
2026-04-13 13:14:03,153 [INFO] __main__ — [#2] Executando análise...
2026-04-13 13:14:03,153 [INFO] __main__ — Ciclo iniciado — BTC/USDT 1h | dry_run=True
2026-04-13 13:14:06,073 [INFO] __main__ — Histórico: 17507 candles | 2024-04-13 13:00:00+00:00 → 2026-04-13 15:00:00+00:00
2026-04-13 13:14:24,339 [INFO] __main__ — Modelo treinado — 17457 amostras → BTC_USDT_1h_20260413_1614.joblib
2026-04-13 13:14:24,398 [INFO] __main__ — Probabilidades: {-1: 0.3691131641757095, 0: 0.30854536777691405, 1: 0.3223414680473815}
2026-04-13 13:14:24,398 [INFO] __main__ — Sinal: NEUTRO
2026-04-13 13:14:24,399 [INFO] __main__ — Sinal NEUTRO — nenhuma ordem enviada
2026-04-13 13:14:24,405 [INFO] __main__ — ------------------------------------------------------------
2026-04-13 13:14:24,405 [INFO] __main__ — [#3] Próximo candle: 17:00:05 UTC — 2741s
2026-04-13 13:14:54,405 [INFO] __main__ —   ⏳ 2711s restantes
2026-04-13 13:15:24,406 [INFO] __main__ —   ⏳ 2681s restantes
2026-04-13 13:15:54,406 [INFO] __main__ —   ⏳ 2651s restantes
2026-04-13 13:16:24,407 [INFO] __main__ —   ⏳ 2621s restantes
2026-04-13 13:16:54,407 [INFO] __main__ —   ⏳ 2591s restantes
2026-04-13 13:17:24,408 [INFO] __main__ —   ⏳ 2561s restantes
2026-04-13 13:17:54,409 [INFO] __main__ —   ⏳ 2531s restantes
2026-04-13 13:18:24,410 [INFO] __main__ —   ⏳ 2501s restantes
2026-04-13 13:18:54,410 [INFO] __main__ —   ⏳ 2471s restantes
2026-04-13 13:19:24,411 [INFO] __main__ —   ⏳ 2441s restantes
2026-04-13 13:19:54,411 [INFO] __main__ —   ⏳ 2411s restantes
2026-04-13 13:20:24,411 [INFO] __main__ —   ⏳ 2381s restantes
2026-04-13 13:20:54,412 [INFO] __main__ —   ⏳ 2351s restantes
2026-04-13 13:21:24,412 [INFO] __main__ —   ⏳ 2321s restantes
2026-04-13 13:21:54,412 [INFO] __main__ —   ⏳ 2291s restantes
2026-04-13 13:22:24,413 [INFO] __main__ —   ⏳ 2261s restantes
2026-04-13 13:22:54,413 [INFO] __main__ —   ⏳ 2231s restantes
2026-04-13 13:23:24,413 [INFO] __main__ —   ⏳ 2201s restantes
2026-04-13 13:23:54,414 [INFO] __main__ —   ⏳ 2171s restantes
2026-04-13 13:24:24,414 [INFO] __main__ —   ⏳ 2141s restantes
2026-04-13 13:24:54,415 [INFO] __main__ —   ⏳ 2111s restantes
2026-04-13 13:25:24,415 [INFO] __main__ —   ⏳ 2081s restantes
2026-04-13 13:25:54,415 [INFO] __main__ —   ⏳ 2051s restantes
2026-04-13 13:26:24,416 [INFO] __main__ —   ⏳ 2021s restantes
2026-04-13 13:26:54,416 [INFO] __main__ —   ⏳ 1991s restantes
2026-04-13 13:27:24,417 [INFO] __main__ —   ⏳ 1961s restantes
2026-04-13 13:27:54,417 [INFO] __main__ —   ⏳ 1931s restantes
2026-04-13 13:28:24,417 [INFO] __main__ —   ⏳ 1901s restantes
2026-04-13 13:28:54,418 [INFO] __main__ —   ⏳ 1871s restantes
2026-04-13 13:29:24,418 [INFO] __main__ —   ⏳ 1841s restantes
2026-04-13 13:29:54,419 [INFO] __main__ —   ⏳ 1811s restantes
2026-04-13 13:30:24,419 [INFO] __main__ —   ⏳ 1781s restantes
2026-04-13 13:30:54,420 [INFO] __main__ —   ⏳ 1751s restantes
2026-04-13 13:31:24,420 [INFO] __main__ —   ⏳ 1721s restantes
2026-04-13 13:31:54,420 [INFO] __main__ —   ⏳ 1691s restantes
2026-04-13 13:32:24,421 [INFO] __main__ —   ⏳ 1661s restantes
2026-04-13 13:32:54,422 [INFO] __main__ —   ⏳ 1631s restantes
2026-04-13 13:33:24,422 [INFO] __main__ —   ⏳ 1601s restantes
2026-04-13 13:33:54,422 [INFO] __main__ —   ⏳ 1571s restantes
2026-04-13 13:34:24,423 [INFO] __main__ —   ⏳ 1541s restantes
2026-04-13 13:34:54,423 [INFO] __main__ —   ⏳ 1511s restantes
2026-04-13 13:35:24,426 [INFO] __main__ —   ⏳ 1481s restantes
2026-04-13 13:35:54,427 [INFO] __main__ —   ⏳ 1451s restantes
2026-04-13 13:36:24,427 [INFO] __main__ —   ⏳ 1421s restantes
2026-04-13 13:36:54,428 [INFO] __main__ —   ⏳ 1391s restantes
2026-04-13 13:37:24,428 [INFO] __main__ —   ⏳ 1361s restantes
2026-04-13 13:37:54,428 [INFO] __main__ —   ⏳ 1331s restantes
2026-04-13 13:38:24,429 [INFO] __main__ —   ⏳ 1301s restantes
2026-04-13 13:38:54,429 [INFO] __main__ —   ⏳ 1271s restantes
2026-04-13 13:39:24,429 [INFO] __main__ —   ⏳ 1241s restantes
2026-04-13 13:39:54,430 [INFO] __main__ —   ⏳ 1211s restantes
2026-04-13 13:40:24,430 [INFO] __main__ —   ⏳ 1181s restantes
2026-04-13 13:40:54,431 [INFO] __main__ —   ⏳ 1151s restantes
2026-04-13 13:41:24,431 [INFO] __main__ —   ⏳ 1121s restantes
2026-04-13 13:41:54,431 [INFO] __main__ —   ⏳ 1091s restantes
2026-04-13 13:42:24,432 [INFO] __main__ —   ⏳ 1061s restantes
2026-04-13 13:42:54,433 [INFO] __main__ —   ⏳ 1031s restantes
2026-04-13 13:43:24,433 [INFO] __main__ —   ⏳ 1001s restantes
2026-04-13 13:43:54,434 [INFO] __main__ —   ⏳ 971s restantes
2026-04-13 13:44:24,434 [INFO] __main__ —   ⏳ 941s restantes
2026-04-13 13:44:54,435 [INFO] __main__ —   ⏳ 911s restantes
2026-04-13 13:45:24,435 [INFO] __main__ —   ⏳ 881s restantes
2026-04-13 13:45:54,436 [INFO] __main__ —   ⏳ 851s restantes
2026-04-13 13:46:24,436 [INFO] __main__ —   ⏳ 821s restantes
2026-04-13 13:46:54,437 [INFO] __main__ —   ⏳ 791s restantes
2026-04-13 13:47:24,437 [INFO] __main__ —   ⏳ 761s restantes
2026-04-13 13:47:57,496 [INFO] __main__ —   ⏳ 728s restantes
2026-04-13 13:48:27,496 [INFO] __main__ —   ⏳ 698s restantes
2026-04-13 13:48:57,497 [INFO] __main__ —   ⏳ 668s restantes
2026-04-13 13:49:27,498 [INFO] __main__ —   ⏳ 638s restantes
2026-04-13 13:49:57,498 [INFO] __main__ —   ⏳ 608s restantes
2026-04-13 13:50:27,499 [INFO] __main__ —   ⏳ 578s restantes
2026-04-13 13:50:57,499 [INFO] __main__ —   ⏳ 548s restantes
2026-04-13 13:51:27,500 [INFO] __main__ —   ⏳ 517s restantes
2026-04-13 13:51:57,500 [INFO] __main__ —   ⏳ 487s restantes
2026-04-13 13:52:27,500 [INFO] __main__ —   ⏳ 457s restantes
2026-04-13 13:52:57,501 [INFO] __main__ —   ⏳ 427s restantes
2026-04-13 13:53:27,501 [INFO] __main__ —   ⏳ 397s restantes
2026-04-13 13:53:57,502 [INFO] __main__ —   ⏳ 367s restantes
2026-04-13 13:54:27,502 [INFO] __main__ —   ⏳ 337s restantes
2026-04-13 13:54:57,503 [INFO] __main__ —   ⏳ 307s restantes
2026-04-13 13:55:27,503 [INFO] __main__ —   ⏳ 277s restantes
2026-04-13 13:55:57,504 [INFO] __main__ —   ⏳ 247s restantes
2026-04-13 13:56:27,504 [INFO] __main__ —   ⏳ 217s restantes
2026-04-13 13:56:57,505 [INFO] __main__ —   ⏳ 187s restantes
2026-04-13 13:57:27,505 [INFO] __main__ —   ⏳ 157s restantes
2026-04-13 13:57:57,506 [INFO] __main__ —   ⏳ 127s restantes
2026-04-13 13:58:27,506 [INFO] __main__ —   ⏳ 97s restantes
2026-04-13 13:58:57,507 [INFO] __main__ —   ⏳ 67s restantes
2026-04-13 13:59:27,507 [INFO] __main__ —   ⏳ 37s restantes
2026-04-13 13:59:57,508 [INFO] __main__ —   ⏳ 7s restantes
2026-04-13 14:00:05,000 [INFO] __main__ — [#3] Executando análise...
2026-04-13 14:00:05,000 [INFO] __main__ — Ciclo iniciado — BTC/USDT 1h | dry_run=True
2026-04-13 14:00:08,013 [INFO] __main__ — Histórico: 17508 candles | 2024-04-13 13:00:00+00:00 → 2026-04-13 16:00:00+00:00
2026-04-13 14:00:28,631 [INFO] __main__ — Modelo treinado — 17458 amostras → BTC_USDT_1h_20260413_1700.joblib
2026-04-13 14:00:28,689 [INFO] __main__ — Probabilidades: {-1: 0.3878292981517565, 0: 0.27582621266686796, 1: 0.33634448918140253}
2026-04-13 14:00:28,690 [INFO] __main__ — Sinal: NEUTRO
2026-04-13 14:00:28,691 [INFO] __main__ — Sinal NEUTRO — nenhuma ordem enviada
2026-04-13 14:00:28,698 [INFO] __main__ — ------------------------------------------------------------
2026-04-13 14:00:28,699 [INFO] __main__ — [#4] Próximo candle: 18:00:05 UTC — 3576s
2026-04-13 14:00:58,699 [INFO] __main__ —   ⏳ 3546s restantes
2026-04-13 14:01:20,681 [INFO] __main__ — Loop ativo — BTC/USDT 15m | Ctrl+C para parar
2026-04-13 14:01:21,571 [INFO] __main__ — [#1] Próximo candle: 17:15:05 UTC — 823s
2026-04-13 14:01:51,572 [INFO] __main__ —   ⏳ 793s restantes
2026-04-13 14:02:21,572 [INFO] __main__ —   ⏳ 763s restantes
2026-04-13 14:02:51,573 [INFO] __main__ —   ⏳ 733s restantes
2026-04-13 14:03:21,573 [INFO] __main__ —   ⏳ 703s restantes
2026-04-13 14:03:51,574 [INFO] __main__ —   ⏳ 673s restantes
2026-04-13 14:04:21,574 [INFO] __main__ —   ⏳ 643s restantes
2026-04-13 14:04:51,575 [INFO] __main__ —   ⏳ 613s restantes
2026-04-13 14:05:21,575 [INFO] __main__ —   ⏳ 583s restantes
2026-04-13 14:05:51,576 [INFO] __main__ —   ⏳ 553s restantes
2026-04-13 14:06:21,576 [INFO] __main__ —   ⏳ 523s restantes
2026-04-13 14:06:51,577 [INFO] __main__ —   ⏳ 493s restantes
2026-04-13 14:07:21,577 [INFO] __main__ —   ⏳ 463s restantes
2026-04-13 14:07:51,578 [INFO] __main__ —   ⏳ 433s restantes
2026-04-13 14:08:21,578 [INFO] __main__ —   ⏳ 403s restantes
2026-04-13 14:08:51,579 [INFO] __main__ —   ⏳ 373s restantes
2026-04-13 14:09:21,579 [INFO] __main__ —   ⏳ 343s restantes
2026-04-13 14:09:51,580 [INFO] __main__ —   ⏳ 313s restantes
2026-04-13 14:10:21,581 [INFO] __main__ —   ⏳ 283s restantes
2026-04-13 14:10:51,581 [INFO] __main__ —   ⏳ 253s restantes
2026-04-13 14:11:21,582 [INFO] __main__ —   ⏳ 223s restantes
2026-04-13 14:11:51,582 [INFO] __main__ —   ⏳ 193s restantes
2026-04-13 14:12:21,583 [INFO] __main__ —   ⏳ 163s restantes
2026-04-13 14:12:51,583 [INFO] __main__ —   ⏳ 133s restantes
2026-04-13 14:13:21,584 [INFO] __main__ —   ⏳ 103s restantes
2026-04-13 14:13:51,584 [INFO] __main__ —   ⏳ 73s restantes
2026-04-13 14:14:21,585 [INFO] __main__ —   ⏳ 43s restantes
2026-04-13 14:14:51,585 [INFO] __main__ —   ⏳ 13s restantes
2026-04-13 14:15:05,000 [INFO] __main__ — [#1] Executando análise...
2026-04-13 14:15:05,000 [INFO] __main__ — Ciclo iniciado — BTC/USDT 15m | dry_run=True
2026-04-13 14:15:07,602 [INFO] __main__ — Histórico: 70013 candles | 2024-04-13 16:30:00+00:00 → 2026-04-13 17:00:00+00:00
2026-04-13 14:16:58,018 [INFO] __main__ — Modelo treinado — 69963 amostras → BTC_USDT_15m_20260413_1716.joblib
2026-04-13 14:16:58,082 [INFO] __main__ — Probabilidades: {-1: 0.17364779953581397, 0: 0.6550216394222749, 1: 0.1713305610419138}
2026-04-13 14:16:58,082 [INFO] __main__ — Sinal: NEUTRO
2026-04-13 14:16:58,083 [INFO] __main__ — Sinal NEUTRO — nenhuma ordem enviada
2026-04-13 14:16:58,090 [INFO] __main__ — ------------------------------------------------------------
2026-04-13 14:16:58,090 [INFO] __main__ — [#2] Próximo candle: 17:30:05 UTC — 787s
2026-04-13 14:17:28,090 [INFO] __main__ —   ⏳ 757s restantes
